<?xml version="1.0" encoding="UTF-8" ?>
<testsuite tests="1" failures="0" name="TestSuite" time="20.931" errors="0" skipped="0">
  <properties>
    <property name="java.runtime.name" value="Java(TM) SE Runtime Environment"/>
    <property name="sun.boot.library.path" value="C:\Program Files\Java\jdk1.8.0_131\jre\bin"/>
    <property name="java.vm.version" value="25.131-b11"/>
    <property name="java.vm.vendor" value="Oracle Corporation"/>
    <property name="java.vendor.url" value="http://java.oracle.com/"/>
    <property name="path.separator" value=";"/>
    <property name="java.vm.name" value="Java HotSpot(TM) 64-Bit Server VM"/>
    <property name="file.encoding.pkg" value="sun.io"/>
    <property name="user.script" value=""/>
    <property name="env" value="custom"/>
    <property name="user.country" value="US"/>
    <property name="sun.java.launcher" value="SUN_STANDARD"/>
    <property name="sun.os.patch.level" value=""/>
    <property name="java.vm.specification.name" value="Java Virtual Machine Specification"/>
    <property name="user.dir" value="E:\LOLPOC\LOL_POC"/>
    <property name="java.runtime.version" value="1.8.0_131-b11"/>
    <property name="java.awt.graphicsenv" value="sun.awt.Win32GraphicsEnvironment"/>
    <property name="basedir" value="E:\LOLPOC\LOL_POC"/>
    <property name="java.endorsed.dirs" value="C:\Program Files\Java\jdk1.8.0_131\jre\lib\endorsed"/>
    <property name="os.arch" value="amd64"/>
    <property name="surefire.real.class.path" value="C:\Users\NITISH~1.NAY\AppData\Local\Temp\surefirebooter2710802577780624289.jar"/>
    <property name="java.io.tmpdir" value="C:\Users\NITISH~1.NAY\AppData\Local\Temp\"/>
    <property name="line.separator" value="
"/>
    <property name="java.vm.specification.vendor" value="Oracle Corporation"/>
    <property name="user.variant" value=""/>
    <property name="os.name" value="Windows 10"/>
    <property name="webdriver.edge.driver" value="E:\LOLPOC\LOL_POC\ext\edgedriver.exe"/>
    <property name="sun.jnu.encoding" value="Cp1252"/>
    <property name="xml" value="custom"/>
    <property name="java.library.path" value="C:\Program Files\Java\jdk1.8.0_131\jre\bin;C:\WINDOWS\Sun\Java\bin;C:\WINDOWS\system32;C:\WINDOWS;C:\Program Files (x86)\Intel\iCLS Client\;C:\Program Files\Intel\iCLS Client\;C:\ProgramData\Oracle\Java\javapath;C:\WINDOWS\system32;C:\WINDOWS;C:\WINDOWS\System32\Wbem;C:\WINDOWS\System32\WindowsPowerShell\v1.0\;C:\Program Files\Git\cmd;C:\Program Files\TortoiseGit\bin;C:\Program Files\TortoiseSVN\bin;C:\Program Files (x86)\Intel\Intel(R) Management Engine Components\DAL;C:\Program Files\Intel\Intel(R) Management Engine Components\DAL;C:\Program Files (x86)\Intel\Intel(R) Management Engine Components\IPT;C:\Program Files\Intel\Intel(R) Management Engine Components\IPT;D:\apache-tomcat-7.0.78\bin;C:\Users\nitish.nayak\AppData\Local\Microsoft\WindowsApps;C:\Program Files\Java\jdk1.8.0_131\bin;D:\apache-maven-3.5.0-bin\apache-maven-3.5.0\bin;;."/>
    <property name="surefire.test.class.path" value="E:\LOLPOC\LOL_POC\target\test-classes;E:\LOLPOC\LOL_POC\target\classes;C:\Users\nitish.nayak\.m2\repository\com\jcraft\jsch\0.1.51\jsch-0.1.51.jar;C:\Users\nitish.nayak\.m2\repository\org\seleniumhq\selenium\htmlunit-driver\2.25\htmlunit-driver-2.25.jar;C:\Users\nitish.nayak\.m2\repository\org\seleniumhq\selenium\selenium-api\3.6.0\selenium-api-3.6.0.jar;C:\Users\nitish.nayak\.m2\repository\org\seleniumhq\selenium\selenium-support\3.6.0\selenium-support-3.6.0.jar;C:\Users\nitish.nayak\.m2\repository\net\bytebuddy\byte-buddy\1.7.5\byte-buddy-1.7.5.jar;C:\Users\nitish.nayak\.m2\repository\net\sourceforge\htmlunit\htmlunit\2.25\htmlunit-2.25.jar;C:\Users\nitish.nayak\.m2\repository\org\seleniumhq\selenium\selenium-server\3.4.0\selenium-server-3.4.0.jar;C:\Users\nitish.nayak\.m2\repository\org\seleniumhq\selenium\selenium-opera-driver\3.4.0\selenium-opera-driver-3.4.0.jar;C:\Users\nitish.nayak\.m2\repository\org\seleniumhq\selenium\selenium-remote-driver\3.4.0\selenium-remote-driver-3.4.0.jar;C:\Users\nitish.nayak\.m2\repository\com\beust\jcommander\1.48\jcommander-1.48.jar;C:\Users\nitish.nayak\.m2\repository\cglib\cglib-nodep\3.2.4\cglib-nodep-3.2.4.jar;C:\Users\nitish.nayak\.m2\repository\org\apache\commons\commons-exec\1.3\commons-exec-1.3.jar;C:\Users\nitish.nayak\.m2\repository\org\apache\commons\commons-lang3\3.5\commons-lang3-3.5.jar;C:\Users\nitish.nayak\.m2\repository\commons-codec\commons-codec\1.10\commons-codec-1.10.jar;C:\Users\nitish.nayak\.m2\repository\commons-io\commons-io\2.5\commons-io-2.5.jar;C:\Users\nitish.nayak\.m2\repository\commons-logging\commons-logging\1.2\commons-logging-1.2.jar;C:\Users\nitish.nayak\.m2\repository\org\w3c\css\sac\1.3\sac-1.3.jar;C:\Users\nitish.nayak\.m2\repository\net\sourceforge\cssparser\cssparser\0.9.22\cssparser-0.9.22.jar;C:\Users\nitish.nayak\.m2\repository\com\google\code\gson\gson\2.8.0\gson-2.8.0.jar;C:\Users\nitish.nayak\.m2\repository\org\hamcrest\hamcrest-core\1.3\hamcrest-core-1.3.jar;C:\Users\nitish.nayak\.m2\repository\net\sourceforge\htmlunit\htmlunit-core-js\2.26\htmlunit-core-js-2.26.jar;C:\Users\nitish.nayak\.m2\repository\net\sourceforge\htmlunit\neko-htmlunit\2.25\neko-htmlunit-2.25.jar;C:\Users\nitish.nayak\.m2\repository\org\apache\httpcomponents\httpcore\4.4.6\httpcore-4.4.6.jar;C:\Users\nitish.nayak\.m2\repository\org\apache\httpcomponents\httpmime\4.5.3\httpmime-4.5.3.jar;C:\Users\nitish.nayak\.m2\repository\net\jcip\jcip-annotations\1.0\jcip-annotations-1.0.jar;C:\Users\nitish.nayak\.m2\repository\org\seleniumhq\selenium\jetty-repacked\9.4.1.v20170120\jetty-repacked-9.4.1.v20170120.jar;C:\Users\nitish.nayak\.m2\repository\org\eclipse\jetty\jetty-io\9.4.1.v20170120\jetty-io-9.4.1.v20170120.jar;C:\Users\nitish.nayak\.m2\repository\org\eclipse\jetty\jetty-util\9.4.1.v20170120\jetty-util-9.4.1.v20170120.jar;C:\Users\nitish.nayak\.m2\repository\net\java\dev\jna\jna\4.1.0\jna-4.1.0.jar;C:\Users\nitish.nayak\.m2\repository\net\java\dev\jna\jna-platform\4.1.0\jna-platform-4.1.0.jar;C:\Users\nitish.nayak\.m2\repository\junit\junit\4.12\junit-4.12.jar;C:\Users\nitish.nayak\.m2\repository\com\codeborne\phantomjsdriver\1.4.0\phantomjsdriver-1.4.0.jar;C:\Users\nitish.nayak\.m2\repository\javax\servlet\javax.servlet-api\3.1.0\javax.servlet-api-3.1.0.jar;C:\Users\nitish.nayak\.m2\repository\org\eclipse\jetty\websocket\websocket-api\9.4.3.v20170317\websocket-api-9.4.3.v20170317.jar;C:\Users\nitish.nayak\.m2\repository\org\eclipse\jetty\websocket\websocket-client\9.4.3.v20170317\websocket-client-9.4.3.v20170317.jar;C:\Users\nitish.nayak\.m2\repository\org\eclipse\jetty\jetty-client\9.4.3.v20170317\jetty-client-9.4.3.v20170317.jar;C:\Users\nitish.nayak\.m2\repository\org\eclipse\jetty\jetty-http\9.4.3.v20170317\jetty-http-9.4.3.v20170317.jar;C:\Users\nitish.nayak\.m2\repository\org\eclipse\jetty\websocket\websocket-common\9.4.3.v20170317\websocket-common-9.4.3.v20170317.jar;C:\Users\nitish.nayak\.m2\repository\xalan\serializer\2.7.2\serializer-2.7.2.jar;C:\Users\nitish.nayak\.m2\repository\xalan\xalan\2.7.2\xalan-2.7.2.jar;C:\Users\nitish.nayak\.m2\repository\xerces\xercesImpl\2.11.0\xercesImpl-2.11.0.jar;C:\Users\nitish.nayak\.m2\repository\org\yaml\snakeyaml\1.15\snakeyaml-1.15.jar;C:\Users\nitish.nayak\.m2\repository\org\seleniumhq\selenium\selenium-java\3.4.0\selenium-java-3.4.0.jar;C:\Users\nitish.nayak\.m2\repository\org\seleniumhq\selenium\selenium-firefox-driver\3.4.0\selenium-firefox-driver-3.4.0.jar;C:\Users\nitish.nayak\.m2\repository\org\apache\pdfbox\pdfbox\2.0.2\pdfbox-2.0.2.jar;C:\Users\nitish.nayak\.m2\repository\org\apache\pdfbox\fontbox\2.0.2\fontbox-2.0.2.jar;C:\Users\nitish.nayak\.m2\repository\org\seleniumhq\selenium\selenium-ie-driver\3.4.0\selenium-ie-driver-3.4.0.jar;C:\Users\nitish.nayak\.m2\repository\org\seleniumhq\selenium\selenium-safari-driver\3.4.0\selenium-safari-driver-3.4.0.jar;C:\Users\nitish.nayak\.m2\repository\org\seleniumhq\selenium\selenium-edge-driver\3.4.0\selenium-edge-driver-3.4.0.jar;C:\Users\nitish.nayak\.m2\repository\org\seleniumhq\selenium\selenium-chrome-driver\3.4.0\selenium-chrome-driver-3.4.0.jar;C:\Users\nitish.nayak\.m2\repository\org\testng\testng\6.8.5\testng-6.8.5.jar;C:\Users\nitish.nayak\.m2\repository\org\beanshell\bsh\2.0b4\bsh-2.0b4.jar;C:\Users\nitish.nayak\.m2\repository\net\sourceforge\jexcelapi\jxl\2.6.12\jxl-2.6.12.jar;C:\Users\nitish.nayak\.m2\repository\log4j\log4j\1.2.14\log4j-1.2.14.jar;C:\Users\nitish.nayak\.m2\repository\xml-apis\xml-apis\1.4.01\xml-apis-1.4.01.jar;C:\Users\nitish.nayak\.m2\repository\commons-lang\commons-lang\2.4\commons-lang-2.4.jar;C:\Users\nitish.nayak\.m2\repository\dom4j\dom4j\1.6\dom4j-1.6.jar;C:\Users\nitish.nayak\.m2\repository\io\appium\java-client\4.1.2\java-client-4.1.2.jar;C:\Users\nitish.nayak\.m2\repository\commons-validator\commons-validator\1.5.1\commons-validator-1.5.1.jar;C:\Users\nitish.nayak\.m2\repository\commons-beanutils\commons-beanutils\1.9.2\commons-beanutils-1.9.2.jar;C:\Users\nitish.nayak\.m2\repository\commons-digester\commons-digester\1.8.1\commons-digester-1.8.1.jar;C:\Users\nitish.nayak\.m2\repository\commons-collections\commons-collections\3.2.2\commons-collections-3.2.2.jar;C:\Users\nitish.nayak\.m2\repository\org\springframework\spring-context\4.3.2.RELEASE\spring-context-4.3.2.RELEASE.jar;C:\Users\nitish.nayak\.m2\repository\org\springframework\spring-aop\4.3.2.RELEASE\spring-aop-4.3.2.RELEASE.jar;C:\Users\nitish.nayak\.m2\repository\org\springframework\spring-beans\4.3.2.RELEASE\spring-beans-4.3.2.RELEASE.jar;C:\Users\nitish.nayak\.m2\repository\org\springframework\spring-core\4.3.2.RELEASE\spring-core-4.3.2.RELEASE.jar;C:\Users\nitish.nayak\.m2\repository\org\springframework\spring-expression\4.3.2.RELEASE\spring-expression-4.3.2.RELEASE.jar;C:\Users\nitish.nayak\.m2\repository\org\aspectj\aspectjweaver\1.8.9\aspectjweaver-1.8.9.jar;C:\Users\nitish.nayak\.m2\repository\mysql\mysql-connector-java\5.1.15\mysql-connector-java-5.1.15.jar;E:\LOLPOC\LOL_POC\ext\fireKW-1.0-SNAPSHOT.jar;C:\Users\nitish.nayak\.m2\repository\net\sf\opencsv\opencsv\2.3\opencsv-2.3.jar;C:\Users\nitish.nayak\.m2\repository\org\apache\poi\poi-ooxml\3.10-FINAL\poi-ooxml-3.10-FINAL.jar;C:\Users\nitish.nayak\.m2\repository\org\apache\poi\poi\3.10-FINAL\poi-3.10-FINAL.jar;C:\Users\nitish.nayak\.m2\repository\org\apache\poi\poi-ooxml-schemas\3.10-FINAL\poi-ooxml-schemas-3.10-FINAL.jar;C:\Users\nitish.nayak\.m2\repository\org\apache\xmlbeans\xmlbeans\2.3.0\xmlbeans-2.3.0.jar;C:\Users\nitish.nayak\.m2\repository\stax\stax-api\1.0.1\stax-api-1.0.1.jar;C:\Users\nitish.nayak\.m2\repository\javax\mail\mail\1.4.2\mail-1.4.2.jar;C:\Users\nitish.nayak\.m2\repository\javax\activation\activation\1.1\activation-1.1.jar;C:\Users\nitish.nayak\.m2\repository\org\apache\httpcomponents\httpclient\4.5.2\httpclient-4.5.2.jar;C:\Users\nitish.nayak\.m2\repository\com\google\guava\guava\21.0\guava-21.0.jar;C:\Users\nitish.nayak\.m2\repository\com\atlassian\jira\jira-rest-java-client\2.0.0-m2\jira-rest-java-client-2.0.0-m2.jar;C:\Users\nitish.nayak\.m2\repository\joda-time\joda-time\1.6\joda-time-1.6.jar;C:\Users\nitish.nayak\.m2\repository\com\sun\jersey\jersey-json\1.5\jersey-json-1.5.jar;C:\Users\nitish.nayak\.m2\repository\com\sun\jersey\jersey-core\1.5\jersey-core-1.5.jar;C:\Users\nitish.nayak\.m2\repository\org\codehaus\jettison\jettison\1.1\jettison-1.1.jar;C:\Users\nitish.nayak\.m2\repository\com\sun\xml\bind\jaxb-impl\2.2.3\jaxb-impl-2.2.3.jar;C:\Users\nitish.nayak\.m2\repository\javax\xml\bind\jaxb-api\2.2.2\jaxb-api-2.2.2.jar;C:\Users\nitish.nayak\.m2\repository\javax\xml\stream\stax-api\1.0-2\stax-api-1.0-2.jar;C:\Users\nitish.nayak\.m2\repository\org\codehaus\jackson\jackson-core-asl\1.5.5\jackson-core-asl-1.5.5.jar;C:\Users\nitish.nayak\.m2\repository\org\codehaus\jackson\jackson-mapper-asl\1.5.5\jackson-mapper-asl-1.5.5.jar;C:\Users\nitish.nayak\.m2\repository\org\codehaus\jackson\jackson-jaxrs\1.5.5\jackson-jaxrs-1.5.5.jar;C:\Users\nitish.nayak\.m2\repository\org\codehaus\jackson\jackson-xc\1.5.5\jackson-xc-1.5.5.jar;C:\Users\nitish.nayak\.m2\repository\com\sun\jersey\jersey-client\1.5\jersey-client-1.5.jar;C:\Users\nitish.nayak\.m2\repository\com\atlassian\httpclient\atlassian-httpclient-apache-httpcomponents\0.11.0\atlassian-httpclient-apache-httpcomponents-0.11.0.jar;C:\Users\nitish.nayak\.m2\repository\com\atlassian\httpclient\atlassian-httpclient-api\0.11.0\atlassian-httpclient-api-0.11.0.jar;C:\Users\nitish.nayak\.m2\repository\com\atlassian\httpclient\atlassian-httpclient-spi\0.11.0\atlassian-httpclient-spi-0.11.0.jar;C:\Users\nitish.nayak\.m2\repository\com\atlassian\sal\sal-api\2.7.0\sal-api-2.7.0.jar;C:\Users\nitish.nayak\.m2\repository\com\atlassian\event\atlassian-event\2.2.0\atlassian-event-2.2.0.jar;C:\Users\nitish.nayak\.m2\repository\org\slf4j\slf4j-api\1.6.4\slf4j-api-1.6.4.jar;C:\Users\nitish.nayak\.m2\repository\org\apache\httpcomponents\httpasyncclient-cache\4.0-beta3-atlassian-1\httpasyncclient-cache-4.0-beta3-atlassian-1.jar;C:\Users\nitish.nayak\.m2\repository\org\apache\httpcomponents\httpclient-cache\4.2.1-atlassian-2\httpclient-cache-4.2.1-atlassian-2.jar;C:\Users\nitish.nayak\.m2\repository\org\apache\httpcomponents\httpasyncclient\4.0-beta3-atlassian-1\httpasyncclient-4.0-beta3-atlassian-1.jar;C:\Users\nitish.nayak\.m2\repository\org\apache\httpcomponents\httpcore-nio\4.2.2\httpcore-nio-4.2.2.jar;C:\Users\nitish.nayak\.m2\repository\com\atlassian\util\concurrent\atlassian-util-concurrent\2.4.0-M9\atlassian-util-concurrent-2.4.0-M9.jar;C:\Users\nitish.nayak\.m2\repository\com\relevantcodes\extentreports\2.41.1\extentreports-2.41.1.jar;C:\Users\nitish.nayak\.m2\repository\org\jsoup\jsoup\1.8.3\jsoup-1.8.3.jar;C:\Users\nitish.nayak\.m2\repository\org\xerial\sqlite-jdbc\3.8.11.1\sqlite-jdbc-3.8.11.1.jar;C:\Users\nitish.nayak\.m2\repository\org\freemarker\freemarker\2.3.23\freemarker-2.3.23.jar;C:\Users\nitish.nayak\.m2\repository\org\mongodb\mongodb-driver\3.0.4\mongodb-driver-3.0.4.jar;C:\Users\nitish.nayak\.m2\repository\org\mongodb\bson\3.0.4\bson-3.0.4.jar;C:\Users\nitish.nayak\.m2\repository\org\mongodb\mongodb-driver-core\3.0.4\mongodb-driver-core-3.0.4.jar;"/>
    <property name="java.specification.name" value="Java Platform API Specification"/>
    <property name="java.class.version" value="52.0"/>
    <property name="sun.management.compiler" value="HotSpot 64-Bit Tiered Compilers"/>
    <property name="os.version" value="10.0"/>
    <property name="user.home" value="C:\Users\nitish.nayak"/>
    <property name="user.timezone" value="Asia/Calcutta"/>
    <property name="java.awt.printerjob" value="sun.awt.windows.WPrinterJob"/>
    <property name="java.specification.version" value="1.8"/>
    <property name="file.encoding" value="Cp1252"/>
    <property name="webdriver.gecko.driver" value="E:\LOLPOC\LOL_POC\ext\geckodriver.exe"/>
    <property name="user.name" value="nitish.nayak"/>
    <property name="java.class.path" value="E:\LOLPOC\LOL_POC\target\test-classes;E:\LOLPOC\LOL_POC\target\classes;C:\Users\nitish.nayak\.m2\repository\com\jcraft\jsch\0.1.51\jsch-0.1.51.jar;C:\Users\nitish.nayak\.m2\repository\org\seleniumhq\selenium\htmlunit-driver\2.25\htmlunit-driver-2.25.jar;C:\Users\nitish.nayak\.m2\repository\org\seleniumhq\selenium\selenium-api\3.6.0\selenium-api-3.6.0.jar;C:\Users\nitish.nayak\.m2\repository\org\seleniumhq\selenium\selenium-support\3.6.0\selenium-support-3.6.0.jar;C:\Users\nitish.nayak\.m2\repository\net\bytebuddy\byte-buddy\1.7.5\byte-buddy-1.7.5.jar;C:\Users\nitish.nayak\.m2\repository\net\sourceforge\htmlunit\htmlunit\2.25\htmlunit-2.25.jar;C:\Users\nitish.nayak\.m2\repository\org\seleniumhq\selenium\selenium-server\3.4.0\selenium-server-3.4.0.jar;C:\Users\nitish.nayak\.m2\repository\org\seleniumhq\selenium\selenium-opera-driver\3.4.0\selenium-opera-driver-3.4.0.jar;C:\Users\nitish.nayak\.m2\repository\org\seleniumhq\selenium\selenium-remote-driver\3.4.0\selenium-remote-driver-3.4.0.jar;C:\Users\nitish.nayak\.m2\repository\com\beust\jcommander\1.48\jcommander-1.48.jar;C:\Users\nitish.nayak\.m2\repository\cglib\cglib-nodep\3.2.4\cglib-nodep-3.2.4.jar;C:\Users\nitish.nayak\.m2\repository\org\apache\commons\commons-exec\1.3\commons-exec-1.3.jar;C:\Users\nitish.nayak\.m2\repository\org\apache\commons\commons-lang3\3.5\commons-lang3-3.5.jar;C:\Users\nitish.nayak\.m2\repository\commons-codec\commons-codec\1.10\commons-codec-1.10.jar;C:\Users\nitish.nayak\.m2\repository\commons-io\commons-io\2.5\commons-io-2.5.jar;C:\Users\nitish.nayak\.m2\repository\commons-logging\commons-logging\1.2\commons-logging-1.2.jar;C:\Users\nitish.nayak\.m2\repository\org\w3c\css\sac\1.3\sac-1.3.jar;C:\Users\nitish.nayak\.m2\repository\net\sourceforge\cssparser\cssparser\0.9.22\cssparser-0.9.22.jar;C:\Users\nitish.nayak\.m2\repository\com\google\code\gson\gson\2.8.0\gson-2.8.0.jar;C:\Users\nitish.nayak\.m2\repository\org\hamcrest\hamcrest-core\1.3\hamcrest-core-1.3.jar;C:\Users\nitish.nayak\.m2\repository\net\sourceforge\htmlunit\htmlunit-core-js\2.26\htmlunit-core-js-2.26.jar;C:\Users\nitish.nayak\.m2\repository\net\sourceforge\htmlunit\neko-htmlunit\2.25\neko-htmlunit-2.25.jar;C:\Users\nitish.nayak\.m2\repository\org\apache\httpcomponents\httpcore\4.4.6\httpcore-4.4.6.jar;C:\Users\nitish.nayak\.m2\repository\org\apache\httpcomponents\httpmime\4.5.3\httpmime-4.5.3.jar;C:\Users\nitish.nayak\.m2\repository\net\jcip\jcip-annotations\1.0\jcip-annotations-1.0.jar;C:\Users\nitish.nayak\.m2\repository\org\seleniumhq\selenium\jetty-repacked\9.4.1.v20170120\jetty-repacked-9.4.1.v20170120.jar;C:\Users\nitish.nayak\.m2\repository\org\eclipse\jetty\jetty-io\9.4.1.v20170120\jetty-io-9.4.1.v20170120.jar;C:\Users\nitish.nayak\.m2\repository\org\eclipse\jetty\jetty-util\9.4.1.v20170120\jetty-util-9.4.1.v20170120.jar;C:\Users\nitish.nayak\.m2\repository\net\java\dev\jna\jna\4.1.0\jna-4.1.0.jar;C:\Users\nitish.nayak\.m2\repository\net\java\dev\jna\jna-platform\4.1.0\jna-platform-4.1.0.jar;C:\Users\nitish.nayak\.m2\repository\junit\junit\4.12\junit-4.12.jar;C:\Users\nitish.nayak\.m2\repository\com\codeborne\phantomjsdriver\1.4.0\phantomjsdriver-1.4.0.jar;C:\Users\nitish.nayak\.m2\repository\javax\servlet\javax.servlet-api\3.1.0\javax.servlet-api-3.1.0.jar;C:\Users\nitish.nayak\.m2\repository\org\eclipse\jetty\websocket\websocket-api\9.4.3.v20170317\websocket-api-9.4.3.v20170317.jar;C:\Users\nitish.nayak\.m2\repository\org\eclipse\jetty\websocket\websocket-client\9.4.3.v20170317\websocket-client-9.4.3.v20170317.jar;C:\Users\nitish.nayak\.m2\repository\org\eclipse\jetty\jetty-client\9.4.3.v20170317\jetty-client-9.4.3.v20170317.jar;C:\Users\nitish.nayak\.m2\repository\org\eclipse\jetty\jetty-http\9.4.3.v20170317\jetty-http-9.4.3.v20170317.jar;C:\Users\nitish.nayak\.m2\repository\org\eclipse\jetty\websocket\websocket-common\9.4.3.v20170317\websocket-common-9.4.3.v20170317.jar;C:\Users\nitish.nayak\.m2\repository\xalan\serializer\2.7.2\serializer-2.7.2.jar;C:\Users\nitish.nayak\.m2\repository\xalan\xalan\2.7.2\xalan-2.7.2.jar;C:\Users\nitish.nayak\.m2\repository\xerces\xercesImpl\2.11.0\xercesImpl-2.11.0.jar;C:\Users\nitish.nayak\.m2\repository\org\yaml\snakeyaml\1.15\snakeyaml-1.15.jar;C:\Users\nitish.nayak\.m2\repository\org\seleniumhq\selenium\selenium-java\3.4.0\selenium-java-3.4.0.jar;C:\Users\nitish.nayak\.m2\repository\org\seleniumhq\selenium\selenium-firefox-driver\3.4.0\selenium-firefox-driver-3.4.0.jar;C:\Users\nitish.nayak\.m2\repository\org\apache\pdfbox\pdfbox\2.0.2\pdfbox-2.0.2.jar;C:\Users\nitish.nayak\.m2\repository\org\apache\pdfbox\fontbox\2.0.2\fontbox-2.0.2.jar;C:\Users\nitish.nayak\.m2\repository\org\seleniumhq\selenium\selenium-ie-driver\3.4.0\selenium-ie-driver-3.4.0.jar;C:\Users\nitish.nayak\.m2\repository\org\seleniumhq\selenium\selenium-safari-driver\3.4.0\selenium-safari-driver-3.4.0.jar;C:\Users\nitish.nayak\.m2\repository\org\seleniumhq\selenium\selenium-edge-driver\3.4.0\selenium-edge-driver-3.4.0.jar;C:\Users\nitish.nayak\.m2\repository\org\seleniumhq\selenium\selenium-chrome-driver\3.4.0\selenium-chrome-driver-3.4.0.jar;C:\Users\nitish.nayak\.m2\repository\org\testng\testng\6.8.5\testng-6.8.5.jar;C:\Users\nitish.nayak\.m2\repository\org\beanshell\bsh\2.0b4\bsh-2.0b4.jar;C:\Users\nitish.nayak\.m2\repository\net\sourceforge\jexcelapi\jxl\2.6.12\jxl-2.6.12.jar;C:\Users\nitish.nayak\.m2\repository\log4j\log4j\1.2.14\log4j-1.2.14.jar;C:\Users\nitish.nayak\.m2\repository\xml-apis\xml-apis\1.4.01\xml-apis-1.4.01.jar;C:\Users\nitish.nayak\.m2\repository\commons-lang\commons-lang\2.4\commons-lang-2.4.jar;C:\Users\nitish.nayak\.m2\repository\dom4j\dom4j\1.6\dom4j-1.6.jar;C:\Users\nitish.nayak\.m2\repository\io\appium\java-client\4.1.2\java-client-4.1.2.jar;C:\Users\nitish.nayak\.m2\repository\commons-validator\commons-validator\1.5.1\commons-validator-1.5.1.jar;C:\Users\nitish.nayak\.m2\repository\commons-beanutils\commons-beanutils\1.9.2\commons-beanutils-1.9.2.jar;C:\Users\nitish.nayak\.m2\repository\commons-digester\commons-digester\1.8.1\commons-digester-1.8.1.jar;C:\Users\nitish.nayak\.m2\repository\commons-collections\commons-collections\3.2.2\commons-collections-3.2.2.jar;C:\Users\nitish.nayak\.m2\repository\org\springframework\spring-context\4.3.2.RELEASE\spring-context-4.3.2.RELEASE.jar;C:\Users\nitish.nayak\.m2\repository\org\springframework\spring-aop\4.3.2.RELEASE\spring-aop-4.3.2.RELEASE.jar;C:\Users\nitish.nayak\.m2\repository\org\springframework\spring-beans\4.3.2.RELEASE\spring-beans-4.3.2.RELEASE.jar;C:\Users\nitish.nayak\.m2\repository\org\springframework\spring-core\4.3.2.RELEASE\spring-core-4.3.2.RELEASE.jar;C:\Users\nitish.nayak\.m2\repository\org\springframework\spring-expression\4.3.2.RELEASE\spring-expression-4.3.2.RELEASE.jar;C:\Users\nitish.nayak\.m2\repository\org\aspectj\aspectjweaver\1.8.9\aspectjweaver-1.8.9.jar;C:\Users\nitish.nayak\.m2\repository\mysql\mysql-connector-java\5.1.15\mysql-connector-java-5.1.15.jar;E:\LOLPOC\LOL_POC\ext\fireKW-1.0-SNAPSHOT.jar;C:\Users\nitish.nayak\.m2\repository\net\sf\opencsv\opencsv\2.3\opencsv-2.3.jar;C:\Users\nitish.nayak\.m2\repository\org\apache\poi\poi-ooxml\3.10-FINAL\poi-ooxml-3.10-FINAL.jar;C:\Users\nitish.nayak\.m2\repository\org\apache\poi\poi\3.10-FINAL\poi-3.10-FINAL.jar;C:\Users\nitish.nayak\.m2\repository\org\apache\poi\poi-ooxml-schemas\3.10-FINAL\poi-ooxml-schemas-3.10-FINAL.jar;C:\Users\nitish.nayak\.m2\repository\org\apache\xmlbeans\xmlbeans\2.3.0\xmlbeans-2.3.0.jar;C:\Users\nitish.nayak\.m2\repository\stax\stax-api\1.0.1\stax-api-1.0.1.jar;C:\Users\nitish.nayak\.m2\repository\javax\mail\mail\1.4.2\mail-1.4.2.jar;C:\Users\nitish.nayak\.m2\repository\javax\activation\activation\1.1\activation-1.1.jar;C:\Users\nitish.nayak\.m2\repository\org\apache\httpcomponents\httpclient\4.5.2\httpclient-4.5.2.jar;C:\Users\nitish.nayak\.m2\repository\com\google\guava\guava\21.0\guava-21.0.jar;C:\Users\nitish.nayak\.m2\repository\com\atlassian\jira\jira-rest-java-client\2.0.0-m2\jira-rest-java-client-2.0.0-m2.jar;C:\Users\nitish.nayak\.m2\repository\joda-time\joda-time\1.6\joda-time-1.6.jar;C:\Users\nitish.nayak\.m2\repository\com\sun\jersey\jersey-json\1.5\jersey-json-1.5.jar;C:\Users\nitish.nayak\.m2\repository\com\sun\jersey\jersey-core\1.5\jersey-core-1.5.jar;C:\Users\nitish.nayak\.m2\repository\org\codehaus\jettison\jettison\1.1\jettison-1.1.jar;C:\Users\nitish.nayak\.m2\repository\com\sun\xml\bind\jaxb-impl\2.2.3\jaxb-impl-2.2.3.jar;C:\Users\nitish.nayak\.m2\repository\javax\xml\bind\jaxb-api\2.2.2\jaxb-api-2.2.2.jar;C:\Users\nitish.nayak\.m2\repository\javax\xml\stream\stax-api\1.0-2\stax-api-1.0-2.jar;C:\Users\nitish.nayak\.m2\repository\org\codehaus\jackson\jackson-core-asl\1.5.5\jackson-core-asl-1.5.5.jar;C:\Users\nitish.nayak\.m2\repository\org\codehaus\jackson\jackson-mapper-asl\1.5.5\jackson-mapper-asl-1.5.5.jar;C:\Users\nitish.nayak\.m2\repository\org\codehaus\jackson\jackson-jaxrs\1.5.5\jackson-jaxrs-1.5.5.jar;C:\Users\nitish.nayak\.m2\repository\org\codehaus\jackson\jackson-xc\1.5.5\jackson-xc-1.5.5.jar;C:\Users\nitish.nayak\.m2\repository\com\sun\jersey\jersey-client\1.5\jersey-client-1.5.jar;C:\Users\nitish.nayak\.m2\repository\com\atlassian\httpclient\atlassian-httpclient-apache-httpcomponents\0.11.0\atlassian-httpclient-apache-httpcomponents-0.11.0.jar;C:\Users\nitish.nayak\.m2\repository\com\atlassian\httpclient\atlassian-httpclient-api\0.11.0\atlassian-httpclient-api-0.11.0.jar;C:\Users\nitish.nayak\.m2\repository\com\atlassian\httpclient\atlassian-httpclient-spi\0.11.0\atlassian-httpclient-spi-0.11.0.jar;C:\Users\nitish.nayak\.m2\repository\com\atlassian\sal\sal-api\2.7.0\sal-api-2.7.0.jar;C:\Users\nitish.nayak\.m2\repository\com\atlassian\event\atlassian-event\2.2.0\atlassian-event-2.2.0.jar;C:\Users\nitish.nayak\.m2\repository\org\slf4j\slf4j-api\1.6.4\slf4j-api-1.6.4.jar;C:\Users\nitish.nayak\.m2\repository\org\apache\httpcomponents\httpasyncclient-cache\4.0-beta3-atlassian-1\httpasyncclient-cache-4.0-beta3-atlassian-1.jar;C:\Users\nitish.nayak\.m2\repository\org\apache\httpcomponents\httpclient-cache\4.2.1-atlassian-2\httpclient-cache-4.2.1-atlassian-2.jar;C:\Users\nitish.nayak\.m2\repository\org\apache\httpcomponents\httpasyncclient\4.0-beta3-atlassian-1\httpasyncclient-4.0-beta3-atlassian-1.jar;C:\Users\nitish.nayak\.m2\repository\org\apache\httpcomponents\httpcore-nio\4.2.2\httpcore-nio-4.2.2.jar;C:\Users\nitish.nayak\.m2\repository\com\atlassian\util\concurrent\atlassian-util-concurrent\2.4.0-M9\atlassian-util-concurrent-2.4.0-M9.jar;C:\Users\nitish.nayak\.m2\repository\com\relevantcodes\extentreports\2.41.1\extentreports-2.41.1.jar;C:\Users\nitish.nayak\.m2\repository\org\jsoup\jsoup\1.8.3\jsoup-1.8.3.jar;C:\Users\nitish.nayak\.m2\repository\org\xerial\sqlite-jdbc\3.8.11.1\sqlite-jdbc-3.8.11.1.jar;C:\Users\nitish.nayak\.m2\repository\org\freemarker\freemarker\2.3.23\freemarker-2.3.23.jar;C:\Users\nitish.nayak\.m2\repository\org\mongodb\mongodb-driver\3.0.4\mongodb-driver-3.0.4.jar;C:\Users\nitish.nayak\.m2\repository\org\mongodb\bson\3.0.4\bson-3.0.4.jar;C:\Users\nitish.nayak\.m2\repository\org\mongodb\mongodb-driver-core\3.0.4\mongodb-driver-core-3.0.4.jar;"/>
    <property name="java.vm.specification.version" value="1.8"/>
    <property name="sun.arch.data.model" value="64"/>
    <property name="java.home" value="C:\Program Files\Java\jdk1.8.0_131\jre"/>
    <property name="sun.java.command" value="C:\Users\NITISH~1.NAY\AppData\Local\Temp\surefirebooter2710802577780624289.jar C:\Users\NITISH~1.NAY\AppData\Local\Temp\surefire8646356907625391174tmp C:\Users\NITISH~1.NAY\AppData\Local\Temp\surefire3783972316758042064tmp"/>
    <property name="java.specification.vendor" value="Oracle Corporation"/>
    <property name="user.language" value="en"/>
    <property name="awt.toolkit" value="sun.awt.windows.WToolkit"/>
    <property name="java.vm.info" value="mixed mode"/>
    <property name="java.version" value="1.8.0_131"/>
    <property name="java.ext.dirs" value="C:\Program Files\Java\jdk1.8.0_131\jre\lib\ext;C:\WINDOWS\Sun\Java\lib\ext"/>
    <property name="sun.boot.class.path" value="C:\Program Files\Java\jdk1.8.0_131\jre\lib\resources.jar;C:\Program Files\Java\jdk1.8.0_131\jre\lib\rt.jar;C:\Program Files\Java\jdk1.8.0_131\jre\lib\sunrsasign.jar;C:\Program Files\Java\jdk1.8.0_131\jre\lib\jsse.jar;C:\Program Files\Java\jdk1.8.0_131\jre\lib\jce.jar;C:\Program Files\Java\jdk1.8.0_131\jre\lib\charsets.jar;C:\Program Files\Java\jdk1.8.0_131\jre\lib\jfr.jar;C:\Program Files\Java\jdk1.8.0_131\jre\classes"/>
    <property name="java.vendor" value="Oracle Corporation"/>
    <property name="localRepository" value="C:\Users\nitish.nayak\.m2\repository"/>
    <property name="file.separator" value="\"/>
    <property name="java.vendor.url.bug" value="http://bugreport.sun.com/bugreport/"/>
    <property name="sun.cpu.endian" value="little"/>
    <property name="sun.io.unicode.encoding" value="UnicodeLittle"/>
    <property name="sun.desktop" value="windows"/>
    <property name="sun.cpu.isalist" value="amd64"/>
  </properties>
  <testcase classname="com.tavant.kwutils.MyTestCaseExecuter" name="TC_NetSuite_NutraBlend: With TestData :1:TC_NetSuite_NutraBlend" time="19.219"/>
</testsuite>