<?xml version="1.0" encoding="UTF-8"?>
<!-- Generated by org.testng.reporters.JUnitReportReporter -->
<testsuite hostname="NITISH-NAYAK" name="com.tavant.kwutils.MyTestCaseExecuter" tests="1" failures="0" timestamp="4 Oct 2017 06:07:56 GMT" time="19.353" errors="0">
  <testcase name="testCase" time="19.353" classname="com.tavant.kwutils.MyTestCaseExecuter"/>
</testsuite> <!-- com.tavant.kwutils.MyTestCaseExecuter -->
